Determining if the pthread_create exist failed with the following output:
Change Dir: /home/aditya/School/CS184/p1-rasterizer-sutble/CMakeFiles/CMakeTmp

Run Build Command:"/usr/bin/make" "cmTC_2a390/fast"
/usr/bin/make -f CMakeFiles/cmTC_2a390.dir/build.make CMakeFiles/cmTC_2a390.dir/build
make[1]: Entering directory '/home/aditya/School/CS184/p1-rasterizer-sutble/CMakeFiles/CMakeTmp'
Building C object CMakeFiles/cmTC_2a390.dir/CheckSymbolExists.c.o
/usr/bin/cc    -o CMakeFiles/cmTC_2a390.dir/CheckSymbolExists.c.o   -c /home/aditya/School/CS184/p1-rasterizer-sutble/CMakeFiles/CMakeTmp/CheckSymbolExists.c
Linking C executable cmTC_2a390
/usr/bin/cmake -E cmake_link_script CMakeFiles/cmTC_2a390.dir/link.txt --verbose=1
/usr/bin/cc      -rdynamic CMakeFiles/cmTC_2a390.dir/CheckSymbolExists.c.o  -o cmTC_2a390 
CMakeFiles/cmTC_2a390.dir/CheckSymbolExists.c.o: In function `main':
CheckSymbolExists.c:(.text+0x1b): undefined reference to `pthread_create'
collect2: error: ld returned 1 exit status
CMakeFiles/cmTC_2a390.dir/build.make:97: recipe for target 'cmTC_2a390' failed
make[1]: *** [cmTC_2a390] Error 1
make[1]: Leaving directory '/home/aditya/School/CS184/p1-rasterizer-sutble/CMakeFiles/CMakeTmp'
Makefile:126: recipe for target 'cmTC_2a390/fast' failed
make: *** [cmTC_2a390/fast] Error 2

File /home/aditya/School/CS184/p1-rasterizer-sutble/CMakeFiles/CMakeTmp/CheckSymbolExists.c:
/* */
#include <pthread.h>

int main(int argc, char** argv)
{
  (void)argv;
#ifndef pthread_create
  return ((int*)(&pthread_create))[argc];
#else
  (void)argc;
  return 0;
#endif
}

Determining if the function pthread_create exists in the pthreads failed with the following output:
Change Dir: /home/aditya/School/CS184/p1-rasterizer-sutble/CMakeFiles/CMakeTmp

Run Build Command:"/usr/bin/make" "cmTC_bf89c/fast"
/usr/bin/make -f CMakeFiles/cmTC_bf89c.dir/build.make CMakeFiles/cmTC_bf89c.dir/build
make[1]: Entering directory '/home/aditya/School/CS184/p1-rasterizer-sutble/CMakeFiles/CMakeTmp'
Building C object CMakeFiles/cmTC_bf89c.dir/CheckFunctionExists.c.o
/usr/bin/cc   -DCHECK_FUNCTION_EXISTS=pthread_create   -o CMakeFiles/cmTC_bf89c.dir/CheckFunctionExists.c.o   -c /usr/share/cmake-3.10/Modules/CheckFunctionExists.c
Linking C executable cmTC_bf89c
/usr/bin/cmake -E cmake_link_script CMakeFiles/cmTC_bf89c.dir/link.txt --verbose=1
/usr/bin/cc  -DCHECK_FUNCTION_EXISTS=pthread_create    -rdynamic CMakeFiles/cmTC_bf89c.dir/CheckFunctionExists.c.o  -o cmTC_bf89c -lpthreads 
/usr/bin/ld: cannot find -lpthreads
collect2: error: ld returned 1 exit status
CMakeFiles/cmTC_bf89c.dir/build.make:97: recipe for target 'cmTC_bf89c' failed
make[1]: *** [cmTC_bf89c] Error 1
make[1]: Leaving directory '/home/aditya/School/CS184/p1-rasterizer-sutble/CMakeFiles/CMakeTmp'
Makefile:126: recipe for target 'cmTC_bf89c/fast' failed
make: *** [cmTC_bf89c/fast] Error 2


Determining if the function glXGetProcAddressEXT exists failed with the following output:
Change Dir: /home/aditya/School/CS184/p1-rasterizer-sutble/CMakeFiles/CMakeTmp

Run Build Command:"/usr/bin/make" "cmTC_8e33e/fast"
/usr/bin/make -f CMakeFiles/cmTC_8e33e.dir/build.make CMakeFiles/cmTC_8e33e.dir/build
make[1]: Entering directory '/home/aditya/School/CS184/p1-rasterizer-sutble/CMakeFiles/CMakeTmp'
Building C object CMakeFiles/cmTC_8e33e.dir/CheckFunctionExists.c.o
/usr/bin/cc   -DCHECK_FUNCTION_EXISTS=glXGetProcAddressEXT   -o CMakeFiles/cmTC_8e33e.dir/CheckFunctionExists.c.o   -c /usr/share/cmake-3.10/Modules/CheckFunctionExists.c
Linking C executable cmTC_8e33e
/usr/bin/cmake -E cmake_link_script CMakeFiles/cmTC_8e33e.dir/link.txt --verbose=1
/usr/bin/cc  -DCHECK_FUNCTION_EXISTS=glXGetProcAddressEXT    -rdynamic CMakeFiles/cmTC_8e33e.dir/CheckFunctionExists.c.o  -o cmTC_8e33e /usr/lib/x86_64-linux-gnu/libGL.so 
CMakeFiles/cmTC_8e33e.dir/CheckFunctionExists.c.o: In function `main':
CheckFunctionExists.c:(.text+0x10): undefined reference to `glXGetProcAddressEXT'
collect2: error: ld returned 1 exit status
CMakeFiles/cmTC_8e33e.dir/build.make:98: recipe for target 'cmTC_8e33e' failed
make[1]: *** [cmTC_8e33e] Error 1
make[1]: Leaving directory '/home/aditya/School/CS184/p1-rasterizer-sutble/CMakeFiles/CMakeTmp'
Makefile:126: recipe for target 'cmTC_8e33e/fast' failed
make: *** [cmTC_8e33e/fast] Error 2


